// -- \\Ar0\prgsbeli\@Projetos_em_andamento\EmC2010\Searche\coliget_search_engine\colibri_utilities\exe\log/log_p_coliget_search_engine.log 2/1/2009 19:02:06


req =(uml [OR pattern) AND course
txt =aaa bbb unit vax uh un 


req =(uml [OR pattern) AND course
txt =aaa bbb unit vax uh un 
.PAS

handle \\Ar0\prgsbeli\@Projetos_em_andamento\EmC2010 .PAS

.PAS

handle \\Ar0\prgsbeli\@Projetos_em_andamento\EmC2010 .PAS


files     125   
bytes 1383340      1350 K 
lines   44721        43 K 
.PAS

handle \\Ar0\prgsbeli\@Projetos_em_andamento\EmC2010 .PAS


files     125   
bytes 1383340      1350 K 
lines   44721        43 K 
.PAS

handle \\Ar0\prgsbeli\@Projetos_em_andamento\EmC2010 .PAS

-> 
     Umain.pas

files     125   
bytes 1383340      1350 K 
lines   44721        43 K 
